<?xml version="1.0" encoding="UTF-8"?>
<!-- Generated by org.testng.reporters.JUnitReportReporter -->
<testsuite hostname="Rock" failures="0" tests="2" name="tests.TransactionAmountSortingTest" time="33.497" errors="0" timestamp="2023-06-24T09:52:04 IST" skipped="0">
  <testcase classname="tests.TransactionAmountSortingTest" name="AmountSortingTest" time="19.697"/>
  <system-out/>
  <testcase classname="tests.TransactionAmountSortingTest" name="AmountSortingTest" time="13.800"/>
  <system-out/>
</testsuite> <!-- tests.TransactionAmountSortingTest -->
