<?xml version="1.0" encoding="UTF-8"?>
<!-- Generated by org.testng.reporters.JUnitReportReporter -->
<testsuite hostname="Rock" failures="0" tests="2" name="tests.TransactionAmountSortingTest" time="27.183" errors="0" timestamp="2023-06-24T09:38:08 IST" skipped="0">
  <testcase classname="tests.TransactionAmountSortingTest" name="AmountSortingTest" time="14.383"/>
  <system-out/>
  <testcase classname="tests.TransactionAmountSortingTest" name="AmountSortingTest" time="12.800"/>
  <system-out/>
</testsuite> <!-- tests.TransactionAmountSortingTest -->
