<?xml version="1.0" encoding="UTF-8"?>
<!-- Generated by org.testng.reporters.JUnitReportReporter -->
<testsuite hostname="Rock" failures="0" tests="2" name="tests.TransactionAmountSortingTest" time="29.034" errors="0" timestamp="2023-06-24T08:41:47 IST" skipped="0">
  <testcase classname="tests.TransactionAmountSortingTest" name="AmountSortingTest" time="13.515"/>
  <system-out/>
  <testcase classname="tests.TransactionAmountSortingTest" name="AmountSortingTest" time="15.519"/>
  <system-out/>
</testsuite> <!-- tests.TransactionAmountSortingTest -->
